<?xml version="1.0" encoding="UTF-8"?>
<!-- Generated by org.testng.reporters.JUnitReportReporter -->
<testsuite hostname="Vijay-Sabitha" name="com.scripts.AcctiTime.TESTActiTimeLogin" tests="1" failures="0" timestamp="8 Jun 2020 04:02:45 GMT" time="12.972" errors="0">
  <testcase name="login" time="12.972" classname="com.scripts.AcctiTime.TESTActiTimeLogin"/>
</testsuite> <!-- com.scripts.AcctiTime.TESTActiTimeLogin -->
